2021-02-03 16:40:56 - PHP Warning:  mkdir(): File exists in C:\xampp\htdocs\opencart-3.0.3.7\system\storage\vendor\twig\twig\src\Cache\FilesystemCache.php on line 54
2021-02-03 16:40:57 - PHP Warning:  mkdir(): File exists in C:\xampp\htdocs\opencart-3.0.3.7\system\storage\vendor\twig\twig\src\Cache\FilesystemCache.php on line 54
2021-02-03 16:40:57 - PHP Warning:  rename(C:\xampp\htdocs\opencart-3.0.3.7\system\storage\cache\template\8e\8ed56BE.tmp,C:/xampp/htdocs/opencart-3.0.3.7/system/storage/cache/template/8e/8edb4e13672148a4bfb8122120a41208f54697d1edf35b52dbf811fe4899533b.php): Access is denied (code: 5) in C:\xampp\htdocs\opencart-3.0.3.7\system\storage\vendor\twig\twig\src\Cache\FilesystemCache.php on line 65
2021-02-04 11:06:50 - PHP Warning:  mail(): Failed to connect to mailserver at &quot;localhost&quot; port 25, verify your &quot;SMTP&quot; and &quot;smtp_port&quot; setting in php.ini or use ini_set() in C:\xampp\htdocs\opencart-3.0.3.7\system\library\mail\mail.php on line 77
2021-02-04 11:07:16 - PHP Warning:  mail(): Failed to connect to mailserver at &quot;localhost&quot; port 25, verify your &quot;SMTP&quot; and &quot;smtp_port&quot; setting in php.ini or use ini_set() in C:\xampp\htdocs\opencart-3.0.3.7\system\library\mail\mail.php on line 77
2021-02-04 11:07:18 - PHP Warning:  mail(): Failed to connect to mailserver at &quot;localhost&quot; port 25, verify your &quot;SMTP&quot; and &quot;smtp_port&quot; setting in php.ini or use ini_set() in C:\xampp\htdocs\opencart-3.0.3.7\system\library\mail\mail.php on line 77
2021-04-01 6:03:02 - PHP Warning:  mysqli::query(): (HY000/1036): Table 'C:\xampp_latest\tmp\#sql26cc_64_2.MAI' is read only in C:\xampp_latest\htdocs\Dreamkitchen\system\library\db\mysqli.php on line 19
2021-04-01 6:06:54 - PHP Warning:  mail(): Failed to connect to mailserver at &quot;localhost&quot; port 25, verify your &quot;SMTP&quot; and &quot;smtp_port&quot; setting in php.ini or use ini_set() in C:\xampp_latest\htdocs\Dreamkitchen\system\library\mail\mail.php on line 77
2021-04-01 6:08:02 - PHP Warning:  mysqli::query(): (HY000/6): Error on delete of 'C:\xampp_latest\tmp\#sql26cc_94_13.MAD' (Errcode: 13 &quot;Permission denied&quot;) in C:\xampp_latest\htdocs\Dreamkitchen\system\library\db\mysqli.php on line 19
2021-04-01 6:08:18 - PHP Warning:  mail(): Failed to connect to mailserver at &quot;localhost&quot; port 25, verify your &quot;SMTP&quot; and &quot;smtp_port&quot; setting in php.ini or use ini_set() in C:\xampp_latest\htdocs\Dreamkitchen\system\library\mail\mail.php on line 77
2021-04-01 6:08:19 - PHP Warning:  mail(): Failed to connect to mailserver at &quot;localhost&quot; port 25, verify your &quot;SMTP&quot; and &quot;smtp_port&quot; setting in php.ini or use ini_set() in C:\xampp_latest\htdocs\Dreamkitchen\system\library\mail\mail.php on line 77
2021-04-01 6:08:53 - PHP Warning:  mysqli::query(): (HY000/6): Error on delete of 'C:\xampp_latest\tmp\#sql26cc_b5_14.MAD' (Errcode: 13 &quot;Permission denied&quot;) in C:\xampp_latest\htdocs\Dreamkitchen\system\library\db\mysqli.php on line 19
2021-04-01 6:08:54 - PHP Warning:  mysqli::query(): (HY000/1036): Table 'C:\xampp_latest\tmp\#sql26cc_b7_17.MAI' is read only in C:\xampp_latest\htdocs\Dreamkitchen\system\library\db\mysqli.php on line 19
2021-04-01 6:31:21 - PHP Warning:  mysqli::query(): (HY000/1036): Table 'C:\xampp_latest\tmp\#sql26cc_10c_d.MAI' is read only in C:\xampp_latest\htdocs\Dreamauto\system\library\db\mysqli.php on line 19
2021-04-01 6:32:44 - PHP Warning:  mysqli::query(): (HY000/1036): Table 'C:\xampp_latest\tmp\#sql26cc_116_10.MAI' is read only in C:\xampp_latest\htdocs\Dreamauto\system\library\db\mysqli.php on line 19
2021-04-01 6:34:53 - PHP Warning:  mysqli::query(): (HY000/1036): Table 'C:\xampp_latest\tmp\#sql26cc_11c_c.MAI' is read only in C:\xampp_latest\htdocs\Dreamauto\system\library\db\mysqli.php on line 19
2021-04-01 6:35:22 - PHP Warning:  mysqli::query(): (HY000/1036): Table 'C:\xampp_latest\tmp\#sql26cc_11e_10.MAI' is read only in C:\xampp_latest\htdocs\Dreamauto\system\library\db\mysqli.php on line 19
2021-06-22 5:58:28 - PHP Warning:  mysqli::query(): (HY000/1036): Table 'C:\xamp_latest\tmp\#sql1d84_7a_d.MAI' is read only in C:\xamp_latest\htdocs\Freshmart\system\library\db\mysqli.php on line 19
2021-06-22 6:01:10 - PHP Warning:  mysqli::query(): (HY000/1036): Table 'C:\xamp_latest\tmp\#sql1d84_7c_c.MAI' is read only in C:\xamp_latest\htdocs\Freshmart\system\library\db\mysqli.php on line 19
2021-06-22 6:22:17 - PHP Notice:  Undefined index: tertiary_color in C:\xamp_latest\htdocs\Freshmart\admin\model\setting\setting.php on line 119
2021-06-22 6:28:52 - PHP Warning:  mysqli::query(): (HY000/6): Error on delete of 'C:\xamp_latest\tmp\#sql1d84_d2_c.MAD' (Errcode: 13 &quot;Permission denied&quot;) in C:\xamp_latest\htdocs\Freshmart\system\library\db\mysqli.php on line 19
2021-06-22 6:28:58 - PHP Warning:  mysqli::query(): (HY000/1036): Table 'C:\xamp_latest\tmp\#sql1d84_d3_c.MAI' is read only in C:\xamp_latest\htdocs\Freshmart\system\library\db\mysqli.php on line 19
2021-06-22 6:41:49 - PHP Warning:  mysqli::query(): (HY000/1036): Table 'C:\xamp_latest\tmp\#sql1d84_dc_c.MAI' is read only in C:\xamp_latest\htdocs\Freshmart\system\library\db\mysqli.php on line 19
2021-06-22 6:56:26 - PHP Warning:  mysqli::query(): (HY000/1036): Table 'C:\xamp_latest\tmp\#sql1d84_ef_1d.MAI' is read only in C:\xamp_latest\htdocs\Freshmart\system\library\db\mysqli.php on line 19
2021-06-22 6:59:14 - PHP Notice:  Undefined index: title in C:\xamp_latest\htdocs\Freshmart\admin\controller\extension\module\ishicategoryblock.php on line 184
2021-06-22 6:59:14 - PHP Warning:  Invalid argument supplied for foreach() in C:\xamp_latest\htdocs\Freshmart\admin\controller\extension\module\ishicategoryblock.php on line 184
2021-06-22 7:34:55 - PHP Warning:  mysqli::query(): (HY000/1036): Table 'C:\xamp_latest\tmp\#sql1d84_106_c.MAI' is read only in C:\xamp_latest\htdocs\Freshmart\system\library\db\mysqli.php on line 19
2021-06-22 7:48:48 - PHP Notice:  Undefined index: titlecolor in C:\xamp_latest\htdocs\Freshmart\admin\controller\extension\module\ishislider.php on line 134
2021-06-22 7:48:48 - PHP Notice:  Undefined index: subtitle in C:\xamp_latest\htdocs\Freshmart\admin\controller\extension\module\ishislider.php on line 135
2021-06-22 7:48:48 - PHP Notice:  Undefined index: subtitlecolor in C:\xamp_latest\htdocs\Freshmart\admin\controller\extension\module\ishislider.php on line 136
2021-06-22 7:48:48 - PHP Notice:  Undefined index: description in C:\xamp_latest\htdocs\Freshmart\admin\controller\extension\module\ishislider.php on line 137
2021-06-22 7:48:48 - PHP Notice:  Undefined index: descriptioncolor in C:\xamp_latest\htdocs\Freshmart\admin\controller\extension\module\ishislider.php on line 138
2021-06-22 7:48:48 - PHP Notice:  Undefined index: btntext in C:\xamp_latest\htdocs\Freshmart\admin\controller\extension\module\ishislider.php on line 139
2021-06-22 7:48:48 - PHP Notice:  Undefined index: textalignment in C:\xamp_latest\htdocs\Freshmart\admin\controller\extension\module\ishislider.php on line 140
2021-06-22 7:48:48 - PHP Notice:  Undefined index: textposition in C:\xamp_latest\htdocs\Freshmart\admin\controller\extension\module\ishislider.php on line 141
2021-06-22 7:48:48 - PHP Notice:  Undefined index: titlecolor in C:\xamp_latest\htdocs\Freshmart\admin\controller\extension\module\ishislider.php on line 134
2021-06-22 7:48:48 - PHP Notice:  Undefined index: subtitle in C:\xamp_latest\htdocs\Freshmart\admin\controller\extension\module\ishislider.php on line 135
2021-06-22 7:48:48 - PHP Notice:  Undefined index: subtitlecolor in C:\xamp_latest\htdocs\Freshmart\admin\controller\extension\module\ishislider.php on line 136
2021-06-22 7:48:48 - PHP Notice:  Undefined index: description in C:\xamp_latest\htdocs\Freshmart\admin\controller\extension\module\ishislider.php on line 137
2021-06-22 7:48:48 - PHP Notice:  Undefined index: descriptioncolor in C:\xamp_latest\htdocs\Freshmart\admin\controller\extension\module\ishislider.php on line 138
2021-06-22 7:48:48 - PHP Notice:  Undefined index: btntext in C:\xamp_latest\htdocs\Freshmart\admin\controller\extension\module\ishislider.php on line 139
2021-06-22 7:48:48 - PHP Notice:  Undefined index: textalignment in C:\xamp_latest\htdocs\Freshmart\admin\controller\extension\module\ishislider.php on line 140
2021-06-22 7:48:48 - PHP Notice:  Undefined index: textposition in C:\xamp_latest\htdocs\Freshmart\admin\controller\extension\module\ishislider.php on line 141
2021-06-22 7:48:48 - PHP Notice:  Undefined index: titlecolor in C:\xamp_latest\htdocs\Freshmart\admin\controller\extension\module\ishislider.php on line 134
2021-06-22 7:48:48 - PHP Notice:  Undefined index: subtitle in C:\xamp_latest\htdocs\Freshmart\admin\controller\extension\module\ishislider.php on line 135
2021-06-22 7:48:48 - PHP Notice:  Undefined index: subtitlecolor in C:\xamp_latest\htdocs\Freshmart\admin\controller\extension\module\ishislider.php on line 136
2021-06-22 7:48:48 - PHP Notice:  Undefined index: description in C:\xamp_latest\htdocs\Freshmart\admin\controller\extension\module\ishislider.php on line 137
2021-06-22 7:48:48 - PHP Notice:  Undefined index: descriptioncolor in C:\xamp_latest\htdocs\Freshmart\admin\controller\extension\module\ishislider.php on line 138
2021-06-22 7:48:48 - PHP Notice:  Undefined index: btntext in C:\xamp_latest\htdocs\Freshmart\admin\controller\extension\module\ishislider.php on line 139
2021-06-22 7:48:48 - PHP Notice:  Undefined index: textalignment in C:\xamp_latest\htdocs\Freshmart\admin\controller\extension\module\ishislider.php on line 140
2021-06-22 7:48:48 - PHP Notice:  Undefined index: textposition in C:\xamp_latest\htdocs\Freshmart\admin\controller\extension\module\ishislider.php on line 141
2021-06-22 7:48:48 - PHP Notice:  Undefined index: titlecolor in C:\xamp_latest\htdocs\Freshmart\admin\controller\extension\module\ishislider.php on line 134
2021-06-22 7:48:48 - PHP Notice:  Undefined index: subtitle in C:\xamp_latest\htdocs\Freshmart\admin\controller\extension\module\ishislider.php on line 135
2021-06-22 7:48:48 - PHP Notice:  Undefined index: subtitlecolor in C:\xamp_latest\htdocs\Freshmart\admin\controller\extension\module\ishislider.php on line 136
2021-06-22 7:48:48 - PHP Notice:  Undefined index: description in C:\xamp_latest\htdocs\Freshmart\admin\controller\extension\module\ishislider.php on line 137
2021-06-22 7:48:48 - PHP Notice:  Undefined index: descriptioncolor in C:\xamp_latest\htdocs\Freshmart\admin\controller\extension\module\ishislider.php on line 138
2021-06-22 7:48:48 - PHP Notice:  Undefined index: btntext in C:\xamp_latest\htdocs\Freshmart\admin\controller\extension\module\ishislider.php on line 139
2021-06-22 7:48:48 - PHP Notice:  Undefined index: textalignment in C:\xamp_latest\htdocs\Freshmart\admin\controller\extension\module\ishislider.php on line 140
2021-06-22 7:48:48 - PHP Notice:  Undefined index: textposition in C:\xamp_latest\htdocs\Freshmart\admin\controller\extension\module\ishislider.php on line 141
2021-06-22 8:07:04 - PHP Notice:  Undefined index: textalignment in C:\xamp_latest\htdocs\Freshmart\admin\controller\extension\module\ishislider.php on line 140
2021-06-22 8:07:04 - PHP Notice:  Undefined index: textalignment in C:\xamp_latest\htdocs\Freshmart\admin\controller\extension\module\ishislider.php on line 140
2021-06-22 8:07:29 - PHP Warning:  mysqli::query(): (HY000/1036): Table 'C:\xamp_latest\tmp\#sql1d84_14e_f.MAI' is read only in C:\xamp_latest\htdocs\Freshmart\system\library\db\mysqli.php on line 19
2021-06-22 8:37:04 - PHP Warning:  mysqli::query(): (HY000/1036): Table 'C:\xamp_latest\tmp\#sql1d84_155_1a.MAI' is read only in C:\xamp_latest\htdocs\Freshmart\system\library\db\mysqli.php on line 19
2021-06-22 8:40:58 - PHP Warning:  mysqli::query(): (HY000/6): Error on delete of 'C:\xamp_latest\tmp\#sql1d84_158_2.MAD' (Errcode: 13 &quot;Permission denied&quot;) in C:\xamp_latest\htdocs\Freshmart\system\library\db\mysqli.php on line 19
2021-06-22 9:18:07 - PHP Warning:  mysqli::query(): (HY000/1036): Table 'C:\xamp_latest\tmp\#sql2404_1b_d.MAI' is read only in C:\xamp_latest\htdocs\Freshmart\system\library\db\mysqli.php on line 19
2021-06-22 9:19:06 - PHP Warning:  mysqli::query(): (HY000/1036): Table 'C:\xamp_latest\tmp\#sql2404_21_d.MAI' is read only in C:\xamp_latest\htdocs\Freshmart\system\library\db\mysqli.php on line 19
2021-06-22 9:25:48 - PHP Warning:  mysqli::query(): (HY000/1036): Table 'C:\xamp_latest\tmp\#sql2404_25_c.MAI' is read only in C:\xamp_latest\htdocs\Freshmart\system\library\db\mysqli.php on line 19
2021-06-22 9:51:55 - PHP Warning:  mysqli::query(): (HY000/1036): Table 'C:\xamp_latest\tmp\#sql2404_32_c.MAI' is read only in C:\xamp_latest\htdocs\Freshmart\system\library\db\mysqli.php on line 19
2021-06-22 9:55:00 - PHP Notice:  Undefined index: textalignment in C:\xamp_latest\htdocs\Freshmart\admin\controller\extension\module\ishislider.php on line 140
2021-06-22 9:55:00 - PHP Notice:  Undefined index: textalignment in C:\xamp_latest\htdocs\Freshmart\admin\controller\extension\module\ishislider.php on line 140
2021-06-22 10:01:56 - PHP Warning:  mysqli::query(): (HY000/1036): Table 'C:\xamp_latest\tmp\#sql2404_44_1d.MAI' is read only in C:\xamp_latest\htdocs\Freshmart\system\library\db\mysqli.php on line 19
2021-06-22 10:02:49 - PHP Warning:  mysqli::query(): (HY000/1036): Table 'C:\xamp_latest\tmp\#sql2404_46_c.MAI' is read only in C:\xamp_latest\htdocs\Freshmart\system\library\db\mysqli.php on line 19
2021-06-22 10:02:52 - PHP Warning:  mysqli::query(): (HY000/1036): Table 'C:\xamp_latest\tmp\#sql2404_47_c.MAI' is read only in C:\xamp_latest\htdocs\Freshmart\system\library\db\mysqli.php on line 19
2021-06-22 10:04:52 - PHP Warning:  mysqli::query(): (HY000/1036): Table 'C:\xamp_latest\tmp\#sql2404_4a_c.MAI' is read only in C:\xamp_latest\htdocs\Freshmart\system\library\db\mysqli.php on line 19
2021-06-22 10:26:27 - PHP Notice:  Undefined index: textalignment in C:\xamp_latest\htdocs\Freshmart\admin\controller\extension\module\ishislider.php on line 140
2021-06-22 10:35:16 - PHP Notice:  Undefined index: ishi_image in C:\xamp_latest\htdocs\Freshmart\admin\controller\extension\module\ishislider.php on line 115
2021-06-22 10:35:16 - PHP Warning:  Invalid argument supplied for foreach() in C:\xamp_latest\htdocs\Freshmart\admin\controller\extension\module\ishislider.php on line 122
2021-06-22 10:37:29 - PHP Notice:  Undefined index: textalignment in C:\xamp_latest\htdocs\Freshmart\admin\controller\extension\module\ishislider.php on line 140
2021-06-22 10:37:29 - PHP Notice:  Undefined index: textposition in C:\xamp_latest\htdocs\Freshmart\admin\controller\extension\module\ishislider.php on line 141
2021-06-22 10:37:29 - PHP Notice:  Undefined index: textalignment in C:\xamp_latest\htdocs\Freshmart\admin\controller\extension\module\ishislider.php on line 140
2021-06-22 10:37:29 - PHP Notice:  Undefined index: textposition in C:\xamp_latest\htdocs\Freshmart\admin\controller\extension\module\ishislider.php on line 141
2021-06-22 10:44:01 - PHP Notice:  Undefined index: textalignment in C:\xamp_latest\htdocs\Freshmart\admin\controller\extension\module\ishislider.php on line 140
2021-06-22 10:44:01 - PHP Notice:  Undefined index: textposition in C:\xamp_latest\htdocs\Freshmart\admin\controller\extension\module\ishislider.php on line 141
2021-06-22 10:44:01 - PHP Notice:  Undefined index: textalignment in C:\xamp_latest\htdocs\Freshmart\admin\controller\extension\module\ishislider.php on line 140
2021-06-22 10:44:01 - PHP Notice:  Undefined index: textposition in C:\xamp_latest\htdocs\Freshmart\admin\controller\extension\module\ishislider.php on line 141
2021-06-22 10:46:57 - PHP Notice:  Undefined index: textalignment in C:\xamp_latest\htdocs\Freshmart\admin\controller\extension\module\ishislider.php on line 140
2021-06-22 10:46:57 - PHP Notice:  Undefined index: textalignment in C:\xamp_latest\htdocs\Freshmart\admin\controller\extension\module\ishislider.php on line 140
2021-06-22 10:52:27 - PHP Warning:  mysqli::query(): (HY000/1036): Table 'C:\xamp_latest\tmp\#sql2404_89_1d.MAI' is read only in C:\xamp_latest\htdocs\Freshmart\system\library\db\mysqli.php on line 19
2021-06-22 10:53:45 - PHP Warning:  mysqli::query(): (HY000/1036): Table 'C:\xamp_latest\tmp\#sql2404_8e_c.MAI' is read only in C:\xamp_latest\htdocs\Freshmart\system\library\db\mysqli.php on line 19
2021-06-22 11:00:28 - PHP Warning:  mysqli::query(): (HY000/29): File 'C:\xamp_latest\tmp\#sql2404_91_26.MAD' not found (Errcode: 13 &quot;Permission denied&quot;) in C:\xamp_latest\htdocs\Freshmart\system\library\db\mysqli.php on line 19
2021-06-22 11:04:18 - PHP Warning:  mysqli::query(): (HY000/1036): Table 'C:\xamp_latest\tmp\#sql2404_9f_2c.MAI' is read only in C:\xamp_latest\htdocs\Freshmart\system\library\db\mysqli.php on line 19
2021-06-22 11:04:44 - PHP Warning:  mysqli::query(): (HY000/1036): Table 'C:\xamp_latest\tmp\#sql2404_a1_d.MAI' is read only in C:\xamp_latest\htdocs\Freshmart\system\library\db\mysqli.php on line 19
2021-06-22 11:11:34 - PHP Notice:  Undefined index: textalignment in C:\xamp_latest\htdocs\Freshmart\admin\controller\extension\module\ishislider.php on line 140
2021-06-22 11:11:34 - PHP Notice:  Undefined index: textalignment in C:\xamp_latest\htdocs\Freshmart\admin\controller\extension\module\ishislider.php on line 140
2021-06-22 11:27:14 - PHP Warning:  mysqli::query(): (HY000/1036): Table 'C:\xamp_latest\tmp\#sql2404_b7_c.MAI' is read only in C:\xamp_latest\htdocs\Freshmart\system\library\db\mysqli.php on line 19
2021-06-22 11:40:40 - PHP Warning:  mysqli::query(): (HY000/1036): Table 'C:\xamp_latest\tmp\#sql2404_bb_1f.MAI' is read only in C:\xamp_latest\htdocs\Freshmart\system\library\db\mysqli.php on line 19
2021-06-22 11:43:10 - PHP Warning:  mysqli::query(): (HY000/1036): Table 'C:\xamp_latest\tmp\#sql2404_bd_1b.MAI' is read only in C:\xamp_latest\htdocs\Freshmart\system\library\db\mysqli.php on line 19
2021-06-22 11:48:35 - PHP Warning:  mysqli::query(): (HY000/1036): Table 'C:\xamp_latest\tmp\#sql2404_c0_c.MAI' is read only in C:\xamp_latest\htdocs\Freshmart\system\library\db\mysqli.php on line 19
2021-06-22 11:52:35 - PHP Warning:  mysqli::query(): (HY000/6): Error on delete of 'C:\xamp_latest\tmp\#sql2404_c3_c.MAD' (Errcode: 13 &quot;Permission denied&quot;) in C:\xamp_latest\htdocs\Freshmart\system\library\db\mysqli.php on line 19
2021-06-22 12:22:39 - PHP Warning:  mysqli::query(): (HY000/1036): Table 'C:\xamp_latest\tmp\#sql2404_f2_d.MAI' is read only in C:\xamp_latest\htdocs\Freshmart\system\library\db\mysqli.php on line 19
2021-06-24 7:41:12 - PHP Notice:  Undefined index: textalignment in /var/www/html/user7/OPC071/admin/controller/extension/module/ishislider.php on line 140
2021-06-24 7:41:47 - PHP Notice:  Undefined index: textalignment in /var/www/html/user7/OPC071/admin/controller/extension/module/ishislider.php on line 140
2021-06-24 7:41:48 - PHP Notice:  Undefined index: textalignment in /var/www/html/user7/OPC071/admin/controller/extension/module/ishislider.php on line 140
2021-06-24 9:51:54 - PHP Notice:  Undefined index: textalignment in /var/www/html/user7/OPC071/admin/controller/extension/module/ishislider.php on line 140
2021-06-24 9:52:44 - PHP Notice:  Undefined index: textalignment in /var/www/html/user7/OPC071/admin/controller/extension/module/ishislider.php on line 140
2021-06-24 9:54:43 - PHP Notice:  Undefined index: textalignment in /var/www/html/user7/OPC071/admin/controller/extension/module/ishislider.php on line 140
2021-06-24 9:57:04 - PHP Notice:  Undefined index: textalignment in /var/www/html/user7/OPC071/admin/controller/extension/module/ishislider.php on line 140
